[0.570s] Invoking command in '/root/URDF_ws/src/yezibot_description': PYTHONPATH=/root/URDF_ws/build/yezibot_description/prefix_override:/usr/lib/python3/dist-packages/colcon_core/task/python/colcon_distutils_commands:/root/URDF_ws/install/yezibot_description/lib/python3.10/site-packages:${PYTHONPATH} /usr/bin/python3 -W ignore:setup.py install is deprecated -W ignore:easy_install command is deprecated setup.py egg_info --egg-base ../../build/yezibot_description build --build-base /root/URDF_ws/build/yezibot_description/build install --record /root/URDF_ws/build/yezibot_description/install.log --single-version-externally-managed install_data
[0.888s] running egg_info
[0.888s] creating ../../build/yezibot_description/yezibot_description.egg-info
[0.888s] writing ../../build/yezibot_description/yezibot_description.egg-info/PKG-INFO
[0.888s] writing dependency_links to ../../build/yezibot_description/yezibot_description.egg-info/dependency_links.txt
[0.888s] writing entry points to ../../build/yezibot_description/yezibot_description.egg-info/entry_points.txt
[0.888s] writing requirements to ../../build/yezibot_description/yezibot_description.egg-info/requires.txt
[0.888s] writing top-level names to ../../build/yezibot_description/yezibot_description.egg-info/top_level.txt
[0.888s] writing manifest file '../../build/yezibot_description/yezibot_description.egg-info/SOURCES.txt'
[0.892s] reading manifest file '../../build/yezibot_description/yezibot_description.egg-info/SOURCES.txt'
[0.892s] writing manifest file '../../build/yezibot_description/yezibot_description.egg-info/SOURCES.txt'
[0.893s] running build
[0.893s] running build_py
[0.893s] creating /root/URDF_ws/build/yezibot_description/build
[0.893s] creating /root/URDF_ws/build/yezibot_description/build/lib
[0.893s] creating /root/URDF_ws/build/yezibot_description/build/lib/yezibot_description
[0.893s] copying yezibot_description/__init__.py -> /root/URDF_ws/build/yezibot_description/build/lib/yezibot_description
[0.893s] running install
[0.893s] running install_lib
[0.894s] creating /root/URDF_ws/install/yezibot_description/lib/python3.10/site-packages/yezibot_description
[0.895s] copying /root/URDF_ws/build/yezibot_description/build/lib/yezibot_description/__init__.py -> /root/URDF_ws/install/yezibot_description/lib/python3.10/site-packages/yezibot_description
[0.895s] byte-compiling /root/URDF_ws/install/yezibot_description/lib/python3.10/site-packages/yezibot_description/__init__.py to __init__.cpython-310.pyc
[0.895s] running install_data
[0.896s] creating /root/URDF_ws/install/yezibot_description/share/ament_index
[0.896s] creating /root/URDF_ws/install/yezibot_description/share/ament_index/resource_index
[0.896s] creating /root/URDF_ws/install/yezibot_description/share/ament_index/resource_index/packages
[0.898s] copying resource/yezibot_description -> /root/URDF_ws/install/yezibot_description/share/ament_index/resource_index/packages
[0.900s] copying package.xml -> /root/URDF_ws/install/yezibot_description/share/yezibot_description
[0.900s] creating /root/URDF_ws/install/yezibot_description/share/yezibot_description/launch
[0.900s] copying launch/display_rviz2.launch.py -> /root/URDF_ws/install/yezibot_description/share/yezibot_description/launch
[0.900s] creating /root/URDF_ws/install/yezibot_description/share/package_name
[0.900s] creating /root/URDF_ws/install/yezibot_description/share/package_name/urdf
[0.901s] copying urdf/yezibot_base.urdf -> /root/URDF_ws/install/yezibot_description/share/package_name/urdf
[0.901s] running install_egg_info
[0.902s] Copying ../../build/yezibot_description/yezibot_description.egg-info to /root/URDF_ws/install/yezibot_description/lib/python3.10/site-packages/yezibot_description-0.0.0-py3.10.egg-info
[0.904s] running install_scripts
[0.956s] writing list of installed files to '/root/URDF_ws/build/yezibot_description/install.log'
[0.984s] Invoked command in '/root/URDF_ws/src/yezibot_description' returned '0': PYTHONPATH=/root/URDF_ws/build/yezibot_description/prefix_override:/usr/lib/python3/dist-packages/colcon_core/task/python/colcon_distutils_commands:/root/URDF_ws/install/yezibot_description/lib/python3.10/site-packages:${PYTHONPATH} /usr/bin/python3 -W ignore:setup.py install is deprecated -W ignore:easy_install command is deprecated setup.py egg_info --egg-base ../../build/yezibot_description build --build-base /root/URDF_ws/build/yezibot_description/build install --record /root/URDF_ws/build/yezibot_description/install.log --single-version-externally-managed install_data
