[0.535s] Invoking command in '/root/URDF_ws/src/yezibot_description': PYTHONPATH=/root/URDF_ws/build/yezibot_description/prefix_override:/usr/lib/python3/dist-packages/colcon_core/task/python/colcon_distutils_commands:/root/URDF_ws/install/yezibot_description/lib/python3.10/site-packages:${PYTHONPATH} /usr/bin/python3 -W ignore:setup.py install is deprecated -W ignore:easy_install command is deprecated setup.py egg_info --egg-base ../../build/yezibot_description build --build-base /root/URDF_ws/build/yezibot_description/build install --record /root/URDF_ws/build/yezibot_description/install.log --single-version-externally-managed install_data
[0.741s] running egg_info
[0.742s] writing ../../build/yezibot_description/yezibot_description.egg-info/PKG-INFO
[0.743s] writing dependency_links to ../../build/yezibot_description/yezibot_description.egg-info/dependency_links.txt
[0.743s] writing entry points to ../../build/yezibot_description/yezibot_description.egg-info/entry_points.txt
[0.743s] writing requirements to ../../build/yezibot_description/yezibot_description.egg-info/requires.txt
[0.743s] writing top-level names to ../../build/yezibot_description/yezibot_description.egg-info/top_level.txt
[0.746s] reading manifest file '../../build/yezibot_description/yezibot_description.egg-info/SOURCES.txt'
[0.746s] writing manifest file '../../build/yezibot_description/yezibot_description.egg-info/SOURCES.txt'
[0.747s] running build
[0.747s] running build_py
[0.747s] running install
[0.747s] running install_lib
[0.748s] running install_data
[0.749s] copying urdf/yezibot_base.urdf -> /root/URDF_ws/install/yezibot_description/share/yezibot_description/urdf
[0.749s] running install_egg_info
[0.751s] removing '/root/URDF_ws/install/yezibot_description/lib/python3.10/site-packages/yezibot_description-0.0.0-py3.10.egg-info' (and everything under it)
[0.751s] Copying ../../build/yezibot_description/yezibot_description.egg-info to /root/URDF_ws/install/yezibot_description/lib/python3.10/site-packages/yezibot_description-0.0.0-py3.10.egg-info
[0.752s] running install_scripts
[0.769s] writing list of installed files to '/root/URDF_ws/build/yezibot_description/install.log'
[0.784s] Invoked command in '/root/URDF_ws/src/yezibot_description' returned '0': PYTHONPATH=/root/URDF_ws/build/yezibot_description/prefix_override:/usr/lib/python3/dist-packages/colcon_core/task/python/colcon_distutils_commands:/root/URDF_ws/install/yezibot_description/lib/python3.10/site-packages:${PYTHONPATH} /usr/bin/python3 -W ignore:setup.py install is deprecated -W ignore:easy_install command is deprecated setup.py egg_info --egg-base ../../build/yezibot_description build --build-base /root/URDF_ws/build/yezibot_description/build install --record /root/URDF_ws/build/yezibot_description/install.log --single-version-externally-managed install_data
