[0.936s] Invoking command in '/root/URDF_ws/src/yezibot_description': PYTHONPATH=/root/URDF_ws/build/yezibot_description/prefix_override:/usr/lib/python3/dist-packages/colcon_core/task/python/colcon_distutils_commands:/root/URDF_ws/install/yezibot_description/lib/python3.10/site-packages:${PYTHONPATH} /usr/bin/python3 -W ignore:setup.py install is deprecated -W ignore:easy_install command is deprecated setup.py egg_info --egg-base ../../build/yezibot_description build --build-base /root/URDF_ws/build/yezibot_description/build install --record /root/URDF_ws/build/yezibot_description/install.log --single-version-externally-managed install_data
[1.210s] running egg_info
[1.214s] writing ../../build/yezibot_description/yezibot_description.egg-info/PKG-INFO
[1.215s] writing dependency_links to ../../build/yezibot_description/yezibot_description.egg-info/dependency_links.txt
[1.215s] writing entry points to ../../build/yezibot_description/yezibot_description.egg-info/entry_points.txt
[1.215s] writing requirements to ../../build/yezibot_description/yezibot_description.egg-info/requires.txt
[1.215s] writing top-level names to ../../build/yezibot_description/yezibot_description.egg-info/top_level.txt
[1.215s] reading manifest file '../../build/yezibot_description/yezibot_description.egg-info/SOURCES.txt'
[1.216s] writing manifest file '../../build/yezibot_description/yezibot_description.egg-info/SOURCES.txt'
[1.216s] running build
[1.216s] running build_py
[1.217s] running install
[1.217s] running install_lib
[1.218s] running install_data
[1.219s] running install_egg_info
[1.221s] removing '/root/URDF_ws/install/yezibot_description/lib/python3.10/site-packages/yezibot_description-0.0.0-py3.10.egg-info' (and everything under it)
[1.221s] Copying ../../build/yezibot_description/yezibot_description.egg-info to /root/URDF_ws/install/yezibot_description/lib/python3.10/site-packages/yezibot_description-0.0.0-py3.10.egg-info
[1.224s] running install_scripts
[1.253s] writing list of installed files to '/root/URDF_ws/build/yezibot_description/install.log'
[1.281s] Invoked command in '/root/URDF_ws/src/yezibot_description' returned '0': PYTHONPATH=/root/URDF_ws/build/yezibot_description/prefix_override:/usr/lib/python3/dist-packages/colcon_core/task/python/colcon_distutils_commands:/root/URDF_ws/install/yezibot_description/lib/python3.10/site-packages:${PYTHONPATH} /usr/bin/python3 -W ignore:setup.py install is deprecated -W ignore:easy_install command is deprecated setup.py egg_info --egg-base ../../build/yezibot_description build --build-base /root/URDF_ws/build/yezibot_description/build install --record /root/URDF_ws/build/yezibot_description/install.log --single-version-externally-managed install_data
