[0.415s] Invoking command in '/root/URDF_ws/src/yezibot_description': PYTHONPATH=/root/URDF_ws/build/yezibot_description/prefix_override:/usr/lib/python3/dist-packages/colcon_core/task/python/colcon_distutils_commands:/root/URDF_ws/install/yezibot_description/lib/python3.10/site-packages:${PYTHONPATH} /usr/bin/python3 -W ignore:setup.py install is deprecated -W ignore:easy_install command is deprecated setup.py egg_info --egg-base ../../build/yezibot_description build --build-base /root/URDF_ws/build/yezibot_description/build install --record /root/URDF_ws/build/yezibot_description/install.log --single-version-externally-managed install_data
[0.548s] running egg_info
[0.548s] writing ../../build/yezibot_description/yezibot_description.egg-info/PKG-INFO
[0.548s] writing dependency_links to ../../build/yezibot_description/yezibot_description.egg-info/dependency_links.txt
[0.549s] writing entry points to ../../build/yezibot_description/yezibot_description.egg-info/entry_points.txt
[0.549s] writing requirements to ../../build/yezibot_description/yezibot_description.egg-info/requires.txt
[0.549s] writing top-level names to ../../build/yezibot_description/yezibot_description.egg-info/top_level.txt
[0.550s] reading manifest file '../../build/yezibot_description/yezibot_description.egg-info/SOURCES.txt'
[0.550s] writing manifest file '../../build/yezibot_description/yezibot_description.egg-info/SOURCES.txt'
[0.551s] running build
[0.551s] running build_py
[0.551s] running install
[0.551s] running install_lib
[0.552s] running install_data
[0.552s] copying launch/display_rviz2.launch.py -> /root/URDF_ws/install/yezibot_description/share/yezibot_description/launch
[0.552s] running install_egg_info
[0.553s] removing '/root/URDF_ws/install/yezibot_description/lib/python3.10/site-packages/yezibot_description-0.0.0-py3.10.egg-info' (and everything under it)
[0.553s] Copying ../../build/yezibot_description/yezibot_description.egg-info to /root/URDF_ws/install/yezibot_description/lib/python3.10/site-packages/yezibot_description-0.0.0-py3.10.egg-info
[0.556s] running install_scripts
[0.570s] writing list of installed files to '/root/URDF_ws/build/yezibot_description/install.log'
[0.583s] Invoked command in '/root/URDF_ws/src/yezibot_description' returned '0': PYTHONPATH=/root/URDF_ws/build/yezibot_description/prefix_override:/usr/lib/python3/dist-packages/colcon_core/task/python/colcon_distutils_commands:/root/URDF_ws/install/yezibot_description/lib/python3.10/site-packages:${PYTHONPATH} /usr/bin/python3 -W ignore:setup.py install is deprecated -W ignore:easy_install command is deprecated setup.py egg_info --egg-base ../../build/yezibot_description build --build-base /root/URDF_ws/build/yezibot_description/build install --record /root/URDF_ws/build/yezibot_description/install.log --single-version-externally-managed install_data
