[0.420s] Invoking command in '/root/URDF_ws/src/yezibot_description': PYTHONPATH=/root/URDF_ws/build/yezibot_description/prefix_override:/usr/lib/python3/dist-packages/colcon_core/task/python/colcon_distutils_commands:/root/URDF_ws/install/yezibot_description/lib/python3.10/site-packages:${PYTHONPATH} /usr/bin/python3 -W ignore:setup.py install is deprecated -W ignore:easy_install command is deprecated setup.py egg_info --egg-base ../../build/yezibot_description build --build-base /root/URDF_ws/build/yezibot_description/build install --record /root/URDF_ws/build/yezibot_description/install.log --single-version-externally-managed install_data
[0.556s] running egg_info
[0.556s] writing ../../build/yezibot_description/yezibot_description.egg-info/PKG-INFO
[0.557s] writing dependency_links to ../../build/yezibot_description/yezibot_description.egg-info/dependency_links.txt
[0.557s] writing entry points to ../../build/yezibot_description/yezibot_description.egg-info/entry_points.txt
[0.557s] writing requirements to ../../build/yezibot_description/yezibot_description.egg-info/requires.txt
[0.557s] writing top-level names to ../../build/yezibot_description/yezibot_description.egg-info/top_level.txt
[0.558s] reading manifest file '../../build/yezibot_description/yezibot_description.egg-info/SOURCES.txt'
[0.559s] writing manifest file '../../build/yezibot_description/yezibot_description.egg-info/SOURCES.txt'
[0.559s] running build
[0.559s] running build_py
[0.559s] running install
[0.559s] running install_lib
[0.560s] running install_data
[0.560s] copying launch/display_rviz2.launch.py -> /root/URDF_ws/install/yezibot_description/share/yezibot_description/launch
[0.560s] running install_egg_info
[0.561s] removing '/root/URDF_ws/install/yezibot_description/lib/python3.10/site-packages/yezibot_description-0.0.0-py3.10.egg-info' (and everything under it)
[0.561s] Copying ../../build/yezibot_description/yezibot_description.egg-info to /root/URDF_ws/install/yezibot_description/lib/python3.10/site-packages/yezibot_description-0.0.0-py3.10.egg-info
[0.562s] running install_scripts
[0.576s] writing list of installed files to '/root/URDF_ws/build/yezibot_description/install.log'
[0.590s] Invoked command in '/root/URDF_ws/src/yezibot_description' returned '0': PYTHONPATH=/root/URDF_ws/build/yezibot_description/prefix_override:/usr/lib/python3/dist-packages/colcon_core/task/python/colcon_distutils_commands:/root/URDF_ws/install/yezibot_description/lib/python3.10/site-packages:${PYTHONPATH} /usr/bin/python3 -W ignore:setup.py install is deprecated -W ignore:easy_install command is deprecated setup.py egg_info --egg-base ../../build/yezibot_description build --build-base /root/URDF_ws/build/yezibot_description/build install --record /root/URDF_ws/build/yezibot_description/install.log --single-version-externally-managed install_data
