running egg_info
creating ../../build/yezibot_description/yezibot_description.egg-info
writing ../../build/yezibot_description/yezibot_description.egg-info/PKG-INFO
writing dependency_links to ../../build/yezibot_description/yezibot_description.egg-info/dependency_links.txt
writing entry points to ../../build/yezibot_description/yezibot_description.egg-info/entry_points.txt
writing requirements to ../../build/yezibot_description/yezibot_description.egg-info/requires.txt
writing top-level names to ../../build/yezibot_description/yezibot_description.egg-info/top_level.txt
writing manifest file '../../build/yezibot_description/yezibot_description.egg-info/SOURCES.txt'
reading manifest file '../../build/yezibot_description/yezibot_description.egg-info/SOURCES.txt'
writing manifest file '../../build/yezibot_description/yezibot_description.egg-info/SOURCES.txt'
running build
running build_py
creating /root/URDF_ws/build/yezibot_description/build
creating /root/URDF_ws/build/yezibot_description/build/lib
creating /root/URDF_ws/build/yezibot_description/build/lib/yezibot_description
copying yezibot_description/__init__.py -> /root/URDF_ws/build/yezibot_description/build/lib/yezibot_description
running install
running install_lib
creating /root/URDF_ws/install/yezibot_description/lib/python3.10/site-packages/yezibot_description
copying /root/URDF_ws/build/yezibot_description/build/lib/yezibot_description/__init__.py -> /root/URDF_ws/install/yezibot_description/lib/python3.10/site-packages/yezibot_description
byte-compiling /root/URDF_ws/install/yezibot_description/lib/python3.10/site-packages/yezibot_description/__init__.py to __init__.cpython-310.pyc
running install_data
creating /root/URDF_ws/install/yezibot_description/share/ament_index
creating /root/URDF_ws/install/yezibot_description/share/ament_index/resource_index
creating /root/URDF_ws/install/yezibot_description/share/ament_index/resource_index/packages
copying resource/yezibot_description -> /root/URDF_ws/install/yezibot_description/share/ament_index/resource_index/packages
copying package.xml -> /root/URDF_ws/install/yezibot_description/share/yezibot_description
creating /root/URDF_ws/install/yezibot_description/share/yezibot_description/launch
copying launch/display_rviz2.launch.py -> /root/URDF_ws/install/yezibot_description/share/yezibot_description/launch
creating /root/URDF_ws/install/yezibot_description/share/yezibot_description/urdf
copying urdf/yezibot_base.urdf -> /root/URDF_ws/install/yezibot_description/share/yezibot_description/urdf
running install_egg_info
Copying ../../build/yezibot_description/yezibot_description.egg-info to /root/URDF_ws/install/yezibot_description/lib/python3.10/site-packages/yezibot_description-0.0.0-py3.10.egg-info
running install_scripts
writing list of installed files to '/root/URDF_ws/build/yezibot_description/install.log'
