[0.763s] Invoking command in '/root/URDF_ws/src/yezibot_description': PYTHONPATH=/root/URDF_ws/build/yezibot_description/prefix_override:/usr/lib/python3/dist-packages/colcon_core/task/python/colcon_distutils_commands:/root/URDF_ws/install/yezibot_description/lib/python3.10/site-packages:${PYTHONPATH} /usr/bin/python3 -W ignore:setup.py install is deprecated -W ignore:easy_install command is deprecated setup.py egg_info --egg-base ../../build/yezibot_description build --build-base /root/URDF_ws/build/yezibot_description/build install --record /root/URDF_ws/build/yezibot_description/install.log --single-version-externally-managed install_data
[1.004s] running egg_info
[1.005s] creating ../../build/yezibot_description/yezibot_description.egg-info
[1.005s] writing ../../build/yezibot_description/yezibot_description.egg-info/PKG-INFO
[1.005s] writing dependency_links to ../../build/yezibot_description/yezibot_description.egg-info/dependency_links.txt
[1.005s] writing entry points to ../../build/yezibot_description/yezibot_description.egg-info/entry_points.txt
[1.005s] writing requirements to ../../build/yezibot_description/yezibot_description.egg-info/requires.txt
[1.005s] writing top-level names to ../../build/yezibot_description/yezibot_description.egg-info/top_level.txt
[1.005s] writing manifest file '../../build/yezibot_description/yezibot_description.egg-info/SOURCES.txt'
[1.006s] reading manifest file '../../build/yezibot_description/yezibot_description.egg-info/SOURCES.txt'
[1.006s] writing manifest file '../../build/yezibot_description/yezibot_description.egg-info/SOURCES.txt'
[1.006s] running build
[1.006s] running build_py
[1.007s] creating /root/URDF_ws/build/yezibot_description/build
[1.007s] creating /root/URDF_ws/build/yezibot_description/build/lib
[1.007s] creating /root/URDF_ws/build/yezibot_description/build/lib/yezibot_description
[1.007s] copying yezibot_description/__init__.py -> /root/URDF_ws/build/yezibot_description/build/lib/yezibot_description
[1.007s] running install
[1.007s] running install_lib
[1.009s] creating /root/URDF_ws/install/yezibot_description/lib/python3.10/site-packages/yezibot_description
[1.009s] copying /root/URDF_ws/build/yezibot_description/build/lib/yezibot_description/__init__.py -> /root/URDF_ws/install/yezibot_description/lib/python3.10/site-packages/yezibot_description
[1.009s] byte-compiling /root/URDF_ws/install/yezibot_description/lib/python3.10/site-packages/yezibot_description/__init__.py to __init__.cpython-310.pyc
[1.009s] running install_data
[1.009s] creating /root/URDF_ws/install/yezibot_description/share/ament_index
[1.009s] creating /root/URDF_ws/install/yezibot_description/share/ament_index/resource_index
[1.010s] creating /root/URDF_ws/install/yezibot_description/share/ament_index/resource_index/packages
[1.010s] copying resource/yezibot_description -> /root/URDF_ws/install/yezibot_description/share/ament_index/resource_index/packages
[1.010s] copying package.xml -> /root/URDF_ws/install/yezibot_description/share/yezibot_description
[1.010s] creating /root/URDF_ws/install/yezibot_description/share/yezibot_description/launch
[1.010s] copying launch/display_rviz2.launch.py -> /root/URDF_ws/install/yezibot_description/share/yezibot_description/launch
[1.010s] creating /root/URDF_ws/install/yezibot_description/share/yezibot_description/urdf
[1.010s] copying urdf/yezibot_base.urdf -> /root/URDF_ws/install/yezibot_description/share/yezibot_description/urdf
[1.010s] running install_egg_info
[1.012s] Copying ../../build/yezibot_description/yezibot_description.egg-info to /root/URDF_ws/install/yezibot_description/lib/python3.10/site-packages/yezibot_description-0.0.0-py3.10.egg-info
[1.013s] running install_scripts
[1.041s] writing list of installed files to '/root/URDF_ws/build/yezibot_description/install.log'
[1.058s] Invoked command in '/root/URDF_ws/src/yezibot_description' returned '0': PYTHONPATH=/root/URDF_ws/build/yezibot_description/prefix_override:/usr/lib/python3/dist-packages/colcon_core/task/python/colcon_distutils_commands:/root/URDF_ws/install/yezibot_description/lib/python3.10/site-packages:${PYTHONPATH} /usr/bin/python3 -W ignore:setup.py install is deprecated -W ignore:easy_install command is deprecated setup.py egg_info --egg-base ../../build/yezibot_description build --build-base /root/URDF_ws/build/yezibot_description/build install --record /root/URDF_ws/build/yezibot_description/install.log --single-version-externally-managed install_data
