[0.461s] Invoking command in '/root/URDF_ws/src/yezibot_description': PYTHONPATH=/root/URDF_ws/build/yezibot_description/prefix_override:/usr/lib/python3/dist-packages/colcon_core/task/python/colcon_distutils_commands:/root/URDF_ws/install/yezibot_description/lib/python3.10/site-packages:${PYTHONPATH} /usr/bin/python3 -W ignore:setup.py install is deprecated -W ignore:easy_install command is deprecated setup.py egg_info --egg-base ../../build/yezibot_description build --build-base /root/URDF_ws/build/yezibot_description/build install --record /root/URDF_ws/build/yezibot_description/install.log --single-version-externally-managed install_data
[0.606s] running egg_info
[0.607s] writing ../../build/yezibot_description/yezibot_description.egg-info/PKG-INFO
[0.610s] writing dependency_links to ../../build/yezibot_description/yezibot_description.egg-info/dependency_links.txt
[0.611s] writing entry points to ../../build/yezibot_description/yezibot_description.egg-info/entry_points.txt
[0.612s] writing requirements to ../../build/yezibot_description/yezibot_description.egg-info/requires.txt
[0.612s] writing top-level names to ../../build/yezibot_description/yezibot_description.egg-info/top_level.txt
[0.616s] reading manifest file '../../build/yezibot_description/yezibot_description.egg-info/SOURCES.txt'
[0.616s] writing manifest file '../../build/yezibot_description/yezibot_description.egg-info/SOURCES.txt'
[0.618s] running build
[0.618s] running build_py
[0.619s] running install
[0.619s] running install_lib
[0.620s] running install_data
[0.620s] running install_egg_info
[0.622s] removing '/root/URDF_ws/install/yezibot_description/lib/python3.10/site-packages/yezibot_description-0.0.0-py3.10.egg-info' (and everything under it)
[0.624s] Copying ../../build/yezibot_description/yezibot_description.egg-info to /root/URDF_ws/install/yezibot_description/lib/python3.10/site-packages/yezibot_description-0.0.0-py3.10.egg-info
[0.624s] running install_scripts
[0.641s] writing list of installed files to '/root/URDF_ws/build/yezibot_description/install.log'
[0.657s] Invoked command in '/root/URDF_ws/src/yezibot_description' returned '0': PYTHONPATH=/root/URDF_ws/build/yezibot_description/prefix_override:/usr/lib/python3/dist-packages/colcon_core/task/python/colcon_distutils_commands:/root/URDF_ws/install/yezibot_description/lib/python3.10/site-packages:${PYTHONPATH} /usr/bin/python3 -W ignore:setup.py install is deprecated -W ignore:easy_install command is deprecated setup.py egg_info --egg-base ../../build/yezibot_description build --build-base /root/URDF_ws/build/yezibot_description/build install --record /root/URDF_ws/build/yezibot_description/install.log --single-version-externally-managed install_data
