[0.086s] DEBUG:colcon:Command line arguments: ['/usr/bin/colcon', 'build', '--packages-select', 'yezibot_description']
[0.086s] DEBUG:colcon:Parsed command line arguments: Namespace(log_base=None, log_level=None, verb_name='build', build_base='build', install_base='install', merge_install=False, symlink_install=False, test_result_base=None, continue_on_error=False, executor='parallel', parallel_workers=8, event_handlers=None, ignore_user_meta=False, metas=['./colcon.meta'], base_paths=['.'], packages_ignore=None, packages_ignore_regex=None, paths=None, packages_up_to=None, packages_up_to_regex=None, packages_above=None, packages_above_and_dependencies=None, packages_above_depth=None, packages_select_by_dep=None, packages_skip_by_dep=None, packages_skip_up_to=None, packages_select_build_failed=False, packages_skip_build_finished=False, packages_select_test_failures=False, packages_skip_test_passed=False, packages_select=['yezibot_description'], packages_skip=None, packages_select_regex=None, packages_skip_regex=None, packages_start=None, packages_end=None, cmake_args=None, cmake_target=None, cmake_target_skip_unavailable=False, cmake_clean_cache=False, cmake_clean_first=False, cmake_force_configure=False, ament_cmake_args=None, catkin_cmake_args=None, catkin_skip_building_tests=False, mixin_files=None, mixin=None, verb_parser=<colcon_mixin.mixin.mixin_argument.MixinArgumentDecorator object at 0x77eedd813e80>, verb_extension=<colcon_core.verb.build.BuildVerb object at 0x77eedd813850>, main=<bound method BuildVerb.main of <colcon_core.verb.build.BuildVerb object at 0x77eedd813850>>, mixin_verb=('build',))
[0.166s] Level 1:colcon.colcon_core.package_discovery:discover_packages(colcon_meta) check parameters
[0.166s] INFO:colcon.colcon_metadata.package_discovery.colcon_meta:Using configuration from '/root/.colcon/metadata/default/Gazebo.meta'
[0.167s] INFO:colcon.colcon_metadata.package_discovery.colcon_meta:Using configuration from '/root/.colcon/metadata/default/fastdds.meta'
[0.167s] INFO:colcon.colcon_metadata.package_discovery.colcon_meta:Using configuration from '/root/.colcon/metadata/default/fastrtps.meta'
[0.167s] Level 1:colcon.colcon_core.package_discovery:discover_packages(recursive) check parameters
[0.167s] Level 1:colcon.colcon_core.package_discovery:discover_packages(ignore) check parameters
[0.167s] Level 1:colcon.colcon_core.package_discovery:discover_packages(path) check parameters
[0.167s] Level 1:colcon.colcon_core.package_discovery:discover_packages(colcon_meta) discover
[0.167s] Level 1:colcon.colcon_core.package_discovery:discover_packages(recursive) discover
[0.167s] INFO:colcon.colcon_core.package_discovery:Crawling recursively for packages in '/root/URDF_ws'
[0.167s] Level 1:colcon.colcon_core.package_identification:_identify(.) by extensions ['ignore', 'ignore_ament_install']
[0.167s] Level 1:colcon.colcon_core.package_identification:_identify(.) by extension 'ignore'
[0.168s] Level 1:colcon.colcon_core.package_identification:_identify(.) by extension 'ignore_ament_install'
[0.168s] Level 1:colcon.colcon_core.package_identification:_identify(.) by extensions ['colcon_pkg']
[0.168s] Level 1:colcon.colcon_core.package_identification:_identify(.) by extension 'colcon_pkg'
[0.168s] Level 1:colcon.colcon_core.package_identification:_identify(.) by extensions ['colcon_meta']
[0.168s] Level 1:colcon.colcon_core.package_identification:_identify(.) by extension 'colcon_meta'
[0.168s] Level 1:colcon.colcon_core.package_identification:_identify(.) by extensions ['ros']
[0.168s] Level 1:colcon.colcon_core.package_identification:_identify(.) by extension 'ros'
[0.175s] Level 1:colcon.colcon_core.package_identification:_identify(.) by extensions ['cmake', 'python']
[0.175s] Level 1:colcon.colcon_core.package_identification:_identify(.) by extension 'cmake'
[0.175s] Level 1:colcon.colcon_core.package_identification:_identify(.) by extension 'python'
[0.175s] Level 1:colcon.colcon_core.package_identification:_identify(.) by extensions ['python_setup_py']
[0.175s] Level 1:colcon.colcon_core.package_identification:_identify(.) by extension 'python_setup_py'
[0.175s] Level 1:colcon.colcon_core.package_identification:_identify(build) by extensions ['ignore', 'ignore_ament_install']
[0.175s] Level 1:colcon.colcon_core.package_identification:_identify(build) by extension 'ignore'
[0.175s] Level 1:colcon.colcon_core.package_identification:_identify(build) ignored
[0.175s] Level 1:colcon.colcon_core.package_identification:_identify(install) by extensions ['ignore', 'ignore_ament_install']
[0.176s] Level 1:colcon.colcon_core.package_identification:_identify(install) by extension 'ignore'
[0.176s] Level 1:colcon.colcon_core.package_identification:_identify(install) ignored
[0.176s] Level 1:colcon.colcon_core.package_identification:_identify(log) by extensions ['ignore', 'ignore_ament_install']
[0.176s] Level 1:colcon.colcon_core.package_identification:_identify(log) by extension 'ignore'
[0.176s] Level 1:colcon.colcon_core.package_identification:_identify(log) ignored
[0.176s] Level 1:colcon.colcon_core.package_identification:_identify(src) by extensions ['ignore', 'ignore_ament_install']
[0.176s] Level 1:colcon.colcon_core.package_identification:_identify(src) by extension 'ignore'
[0.176s] Level 1:colcon.colcon_core.package_identification:_identify(src) by extension 'ignore_ament_install'
[0.176s] Level 1:colcon.colcon_core.package_identification:_identify(src) by extensions ['colcon_pkg']
[0.176s] Level 1:colcon.colcon_core.package_identification:_identify(src) by extension 'colcon_pkg'
[0.176s] Level 1:colcon.colcon_core.package_identification:_identify(src) by extensions ['colcon_meta']
[0.176s] Level 1:colcon.colcon_core.package_identification:_identify(src) by extension 'colcon_meta'
[0.176s] Level 1:colcon.colcon_core.package_identification:_identify(src) by extensions ['ros']
[0.176s] Level 1:colcon.colcon_core.package_identification:_identify(src) by extension 'ros'
[0.176s] Level 1:colcon.colcon_core.package_identification:_identify(src) by extensions ['cmake', 'python']
[0.176s] Level 1:colcon.colcon_core.package_identification:_identify(src) by extension 'cmake'
[0.176s] Level 1:colcon.colcon_core.package_identification:_identify(src) by extension 'python'
[0.176s] Level 1:colcon.colcon_core.package_identification:_identify(src) by extensions ['python_setup_py']
[0.176s] Level 1:colcon.colcon_core.package_identification:_identify(src) by extension 'python_setup_py'
[0.176s] Level 1:colcon.colcon_core.package_identification:_identify(src/yezibot_description) by extensions ['ignore', 'ignore_ament_install']
[0.176s] Level 1:colcon.colcon_core.package_identification:_identify(src/yezibot_description) by extension 'ignore'
[0.177s] Level 1:colcon.colcon_core.package_identification:_identify(src/yezibot_description) by extension 'ignore_ament_install'
[0.177s] Level 1:colcon.colcon_core.package_identification:_identify(src/yezibot_description) by extensions ['colcon_pkg']
[0.177s] Level 1:colcon.colcon_core.package_identification:_identify(src/yezibot_description) by extension 'colcon_pkg'
[0.177s] Level 1:colcon.colcon_core.package_identification:_identify(src/yezibot_description) by extensions ['colcon_meta']
[0.177s] Level 1:colcon.colcon_core.package_identification:_identify(src/yezibot_description) by extension 'colcon_meta'
[0.177s] Level 1:colcon.colcon_core.package_identification:_identify(src/yezibot_description) by extensions ['ros']
[0.177s] Level 1:colcon.colcon_core.package_identification:_identify(src/yezibot_description) by extension 'ros'
[0.178s] DEBUG:colcon.colcon_core.package_identification:Package 'src/yezibot_description' with type 'ros.ament_python' and name 'yezibot_description'
[0.178s] Level 1:colcon.colcon_core.package_discovery:discover_packages(recursive) using defaults
[0.178s] Level 1:colcon.colcon_core.package_discovery:discover_packages(ignore) discover
[0.178s] Level 1:colcon.colcon_core.package_discovery:discover_packages(ignore) using defaults
[0.178s] Level 1:colcon.colcon_core.package_discovery:discover_packages(path) discover
[0.178s] Level 1:colcon.colcon_core.package_discovery:discover_packages(path) using defaults
[0.191s] Level 5:colcon.colcon_core.verb:set package 'yezibot_description' build argument 'cmake_args' from command line to 'None'
[0.191s] Level 5:colcon.colcon_core.verb:set package 'yezibot_description' build argument 'cmake_target' from command line to 'None'
[0.191s] Level 5:colcon.colcon_core.verb:set package 'yezibot_description' build argument 'cmake_target_skip_unavailable' from command line to 'False'
[0.191s] Level 5:colcon.colcon_core.verb:set package 'yezibot_description' build argument 'cmake_clean_cache' from command line to 'False'
[0.191s] Level 5:colcon.colcon_core.verb:set package 'yezibot_description' build argument 'cmake_clean_first' from command line to 'False'
[0.191s] Level 5:colcon.colcon_core.verb:set package 'yezibot_description' build argument 'cmake_force_configure' from command line to 'False'
[0.191s] Level 5:colcon.colcon_core.verb:set package 'yezibot_description' build argument 'ament_cmake_args' from command line to 'None'
[0.191s] Level 5:colcon.colcon_core.verb:set package 'yezibot_description' build argument 'catkin_cmake_args' from command line to 'None'
[0.191s] Level 5:colcon.colcon_core.verb:set package 'yezibot_description' build argument 'catkin_skip_building_tests' from command line to 'False'
[0.191s] DEBUG:colcon.colcon_core.verb:Building package 'yezibot_description' with the following arguments: {'ament_cmake_args': None, 'build_base': '/root/URDF_ws/build/yezibot_description', 'catkin_cmake_args': None, 'catkin_skip_building_tests': False, 'cmake_args': None, 'cmake_clean_cache': False, 'cmake_clean_first': False, 'cmake_force_configure': False, 'cmake_target': None, 'cmake_target_skip_unavailable': False, 'install_base': '/root/URDF_ws/install/yezibot_description', 'merge_install': False, 'path': '/root/URDF_ws/src/yezibot_description', 'symlink_install': False, 'test_result_base': None}
[0.191s] INFO:colcon.colcon_core.executor:Executing jobs using 'parallel' executor
[0.192s] DEBUG:colcon.colcon_parallel_executor.executor.parallel:run_until_complete
[0.192s] INFO:colcon.colcon_ros.task.ament_python.build:Building ROS package in '/root/URDF_ws/src/yezibot_description' with build type 'ament_python'
[0.192s] Level 1:colcon.colcon_core.shell:create_environment_hook('yezibot_description', 'ament_prefix_path')
[0.194s] INFO:colcon.colcon_core.plugin_system:Skipping extension 'colcon_core.shell.bat': Not used on non-Windows systems
[0.194s] INFO:colcon.colcon_core.shell:Creating environment hook '/root/URDF_ws/install/yezibot_description/share/yezibot_description/hook/ament_prefix_path.ps1'
[0.194s] INFO:colcon.colcon_core.shell:Creating environment descriptor '/root/URDF_ws/install/yezibot_description/share/yezibot_description/hook/ament_prefix_path.dsv'
[0.195s] INFO:colcon.colcon_core.shell:Creating environment hook '/root/URDF_ws/install/yezibot_description/share/yezibot_description/hook/ament_prefix_path.sh'
[0.195s] INFO:colcon.colcon_core.shell:Skip shell extension 'powershell' for command environment: Not usable outside of PowerShell
[0.195s] DEBUG:colcon.colcon_core.shell:Skip shell extension 'dsv' for command environment
[0.340s] INFO:colcon.colcon_core.task.python.build:Building Python package in '/root/URDF_ws/src/yezibot_description'
[0.341s] INFO:colcon.colcon_core.shell:Skip shell extension 'powershell' for command environment: Not usable outside of PowerShell
[0.341s] DEBUG:colcon.colcon_core.shell:Skip shell extension 'dsv' for command environment
[0.607s] DEBUG:colcon.colcon_core.event_handler.log_command:Invoking command in '/root/URDF_ws/src/yezibot_description': PYTHONPATH=/root/URDF_ws/build/yezibot_description/prefix_override:/usr/lib/python3/dist-packages/colcon_core/task/python/colcon_distutils_commands:/root/URDF_ws/install/yezibot_description/lib/python3.10/site-packages:${PYTHONPATH} /usr/bin/python3 -W ignore:setup.py install is deprecated -W ignore:easy_install command is deprecated setup.py egg_info --egg-base ../../build/yezibot_description build --build-base /root/URDF_ws/build/yezibot_description/build install --record /root/URDF_ws/build/yezibot_description/install.log --single-version-externally-managed install_data
[0.777s] DEBUG:colcon.colcon_core.event_handler.log_command:Invoked command in '/root/URDF_ws/src/yezibot_description' returned '0': PYTHONPATH=/root/URDF_ws/build/yezibot_description/prefix_override:/usr/lib/python3/dist-packages/colcon_core/task/python/colcon_distutils_commands:/root/URDF_ws/install/yezibot_description/lib/python3.10/site-packages:${PYTHONPATH} /usr/bin/python3 -W ignore:setup.py install is deprecated -W ignore:easy_install command is deprecated setup.py egg_info --egg-base ../../build/yezibot_description build --build-base /root/URDF_ws/build/yezibot_description/build install --record /root/URDF_ws/build/yezibot_description/install.log --single-version-externally-managed install_data
[0.779s] Level 1:colcon.colcon_core.environment:checking '/root/URDF_ws/install/yezibot_description' for CMake module files
[0.779s] Level 1:colcon.colcon_core.environment:checking '/root/URDF_ws/install/yezibot_description' for CMake config files
[0.780s] Level 1:colcon.colcon_core.environment:checking '/root/URDF_ws/install/yezibot_description/lib'
[0.780s] Level 1:colcon.colcon_core.environment:checking '/root/URDF_ws/install/yezibot_description/bin'
[0.780s] Level 1:colcon.colcon_core.environment:checking '/root/URDF_ws/install/yezibot_description/lib/pkgconfig/yezibot_description.pc'
[0.780s] Level 1:colcon.colcon_core.environment:checking '/root/URDF_ws/install/yezibot_description/lib/python3.10/site-packages'
[0.780s] Level 1:colcon.colcon_core.shell:create_environment_hook('yezibot_description', 'pythonpath')
[0.780s] INFO:colcon.colcon_core.shell:Creating environment hook '/root/URDF_ws/install/yezibot_description/share/yezibot_description/hook/pythonpath.ps1'
[0.781s] INFO:colcon.colcon_core.shell:Creating environment descriptor '/root/URDF_ws/install/yezibot_description/share/yezibot_description/hook/pythonpath.dsv'
[0.781s] INFO:colcon.colcon_core.shell:Creating environment hook '/root/URDF_ws/install/yezibot_description/share/yezibot_description/hook/pythonpath.sh'
[0.781s] Level 1:colcon.colcon_core.environment:checking '/root/URDF_ws/install/yezibot_description/bin'
[0.782s] Level 1:colcon.colcon_core.environment:create_environment_scripts_only(yezibot_description)
[0.782s] INFO:colcon.colcon_core.shell:Creating package script '/root/URDF_ws/install/yezibot_description/share/yezibot_description/package.ps1'
[0.782s] INFO:colcon.colcon_core.shell:Creating package descriptor '/root/URDF_ws/install/yezibot_description/share/yezibot_description/package.dsv'
[0.783s] INFO:colcon.colcon_core.shell:Creating package script '/root/URDF_ws/install/yezibot_description/share/yezibot_description/package.sh'
[0.783s] INFO:colcon.colcon_core.shell:Creating package script '/root/URDF_ws/install/yezibot_description/share/yezibot_description/package.bash'
[0.784s] INFO:colcon.colcon_core.shell:Creating package script '/root/URDF_ws/install/yezibot_description/share/yezibot_description/package.zsh'
[0.784s] Level 1:colcon.colcon_core.environment:create_file_with_runtime_dependencies(/root/URDF_ws/install/yezibot_description/share/colcon-core/packages/yezibot_description)
[0.784s] DEBUG:colcon.colcon_parallel_executor.executor.parallel:closing loop
[0.785s] DEBUG:colcon.colcon_parallel_executor.executor.parallel:loop closed
[0.785s] DEBUG:colcon.colcon_parallel_executor.executor.parallel:run_until_complete finished with '0'
[0.785s] DEBUG:colcon.colcon_core.event_reactor:joining thread
[0.789s] INFO:colcon.colcon_core.plugin_system:Skipping extension 'colcon_notification.desktop_notification.notify_send': Could not find 'notify-send'
[0.789s] INFO:colcon.colcon_core.plugin_system:Skipping extension 'colcon_notification.desktop_notification.terminal_notifier': Not used on non-Darwin systems
[0.789s] INFO:colcon.colcon_core.plugin_system:Skipping extension 'colcon_notification.desktop_notification.win32': Not used on non-Windows systems
[0.789s] INFO:colcon.colcon_notification.desktop_notification:Sending desktop notification using 'notify2'
[0.791s] DEBUG:colcon.colcon_notification.desktop_notification.notify2:Failed to initialize notify2: org.freedesktop.DBus.Error.Spawn.ExecFailed: /usr/bin/dbus-launch terminated abnormally without any error message
[0.791s] DEBUG:colcon.colcon_core.event_reactor:joined thread
[0.792s] INFO:colcon.colcon_core.shell:Creating prefix script '/root/URDF_ws/install/local_setup.ps1'
[0.793s] INFO:colcon.colcon_core.shell:Creating prefix util module '/root/URDF_ws/install/_local_setup_util_ps1.py'
[0.793s] INFO:colcon.colcon_core.shell:Creating prefix chain script '/root/URDF_ws/install/setup.ps1'
[0.794s] INFO:colcon.colcon_core.shell:Creating prefix script '/root/URDF_ws/install/local_setup.sh'
[0.795s] INFO:colcon.colcon_core.shell:Creating prefix util module '/root/URDF_ws/install/_local_setup_util_sh.py'
[0.795s] INFO:colcon.colcon_core.shell:Creating prefix chain script '/root/URDF_ws/install/setup.sh'
[0.796s] INFO:colcon.colcon_core.shell:Creating prefix script '/root/URDF_ws/install/local_setup.bash'
[0.796s] INFO:colcon.colcon_core.shell:Creating prefix chain script '/root/URDF_ws/install/setup.bash'
[0.797s] INFO:colcon.colcon_core.shell:Creating prefix script '/root/URDF_ws/install/local_setup.zsh'
[0.798s] INFO:colcon.colcon_core.shell:Creating prefix chain script '/root/URDF_ws/install/setup.zsh'
